Using pre-set license
Built from '2020.3/staging' branch; Version is '2020.3.16f1 (049d6eca3c44) revision 302446'; Using compiler version '192528614'; Build Type 'Release'
OS: 'Windows 10 Pro; OS build 19043.1348; Version 2009; 64bit' Language: 'zh' Physical Memory: 65481 MB
BatchMode: 1, IsHumanControllingUs: 0, StartBugReporterOnCrash: 0, Is64bit: 1, IsPro: 0

 COMMAND LINE ARGUMENTS:
C:\Program Files\Unity\Hub\Editor\2020.3.16f1\Editor\Unity.exe
-adb2
-batchMode
-noUpm
-name
AssetImportWorker1
-projectPath
E:/Projects/Git/Unity/Unity_GameCodeDesign_3D_RPG_20210818/3D_RPG_20210818
-logFile
Logs/AssetImportWorker1.log
-srvPort
2346
Successfully changed project path to: E:/Projects/Git/Unity/Unity_GameCodeDesign_3D_RPG_20210818/3D_RPG_20210818
E:/Projects/Git/Unity/Unity_GameCodeDesign_3D_RPG_20210818/3D_RPG_20210818
Using Asset Import Pipeline V2.
Refreshing native plugins compatible for Editor in 92.53 ms, found 2 plugins.
Preloading 0 native plugins for Editor in 0.00 ms.
Initialize engine version: 2020.3.16f1 (049d6eca3c44)
[Subsystems] Discovering subsystems at path C:/Program Files/Unity/Hub/Editor/2020.3.16f1/Editor/Data/Resources/UnitySubsystems
[Subsystems] Discovering subsystems at path E:/Projects/Git/Unity/Unity_GameCodeDesign_3D_RPG_20210818/3D_RPG_20210818/Assets
GfxDevice: creating device client; threaded=0
Direct3D:
    Version:  Direct3D 11.0 [level 11.1]
    Renderer: NVIDIA GeForce GTX 970 (ID=0x13c2)
    Vendor:   
    VRAM:     4043 MB
    Driver:   30.0.14.9676
Initialize mono
Mono path[0] = 'C:/Program Files/Unity/Hub/Editor/2020.3.16f1/Editor/Data/Managed'
Mono path[1] = 'C:/Program Files/Unity/Hub/Editor/2020.3.16f1/Editor/Data/MonoBleedingEdge/lib/mono/unityjit'
Mono config path = 'C:/Program Files/Unity/Hub/Editor/2020.3.16f1/Editor/Data/MonoBleedingEdge/etc'
Using monoOptions --debugger-agent=transport=dt_socket,embedding=1,server=y,suspend=n,address=127.0.0.1:56704
Begin MonoManager ReloadAssembly
Registering precompiled unity dll's ...
Register platform support module: C:/Program Files/Unity/Hub/Editor/2020.3.16f1/Editor/Data/PlaybackEngines/WebGLSupport/UnityEditor.WebGL.Extensions.dll
Register platform support module: C:/Program Files/Unity/Hub/Editor/2020.3.16f1/Editor/Data/PlaybackEngines/WindowsStandaloneSupport/UnityEditor.WindowsStandalone.Extensions.dll
Registered in 0.002567 seconds.
Native extension for WindowsStandalone target not found
Native extension for WebGL target not found
Refreshing native plugins compatible for Editor in 93.88 ms, found 2 plugins.
Preloading 0 native plugins for Editor in 0.00 ms.
Mono: successfully reloaded assembly
- Completed reload, in  2.403 seconds
Domain Reload Profiling:
	ReloadAssembly (2403ms)
		BeginReloadAssembly (51ms)
			ExecutionOrderSort (0ms)
			DisableScriptedObjects (0ms)
			BackupInstance (0ms)
			ReleaseScriptingObjects (0ms)
			CreateAndSetChildDomain (1ms)
		EndReloadAssembly (419ms)
			LoadAssemblies (49ms)
			RebuildTransferFunctionScriptingTraits (0ms)
			SetupTypeCache (129ms)
			ReleaseScriptCaches (0ms)
			RebuildScriptCaches (26ms)
			SetupLoadedEditorAssemblies (200ms)
				LogAssemblyErrors (0ms)
				InitializePlatformSupportModulesInManaged (4ms)
				SetLoadedEditorAssemblies (0ms)
				RefreshPlugins (94ms)
				BeforeProcessingInitializeOnLoad (14ms)
				ProcessInitializeOnLoadAttributes (64ms)
				ProcessInitializeOnLoadMethodAttributes (23ms)
				AfterProcessingInitializeOnLoad (0ms)
				EditorAssembliesLoaded (0ms)
			ExecutionOrderSort2 (0ms)
			AwakeInstancesAfterBackupRestoration (0ms)
Platform modules already initialized, skipping
Registering precompiled user dll's ...
Registered in 0.003833 seconds.
Begin MonoManager ReloadAssembly
Native extension for WindowsStandalone target not found
Native extension for WebGL target not found
Refreshing native plugins compatible for Editor in 96.99 ms, found 2 plugins.
Preloading 0 native plugins for Editor in 0.00 ms.
Mono: successfully reloaded assembly
- Completed reload, in  1.460 seconds
Domain Reload Profiling:
	ReloadAssembly (1461ms)
		BeginReloadAssembly (132ms)
			ExecutionOrderSort (0ms)
			DisableScriptedObjects (4ms)
			BackupInstance (0ms)
			ReleaseScriptingObjects (0ms)
			CreateAndSetChildDomain (18ms)
		EndReloadAssembly (1271ms)
			LoadAssemblies (86ms)
			RebuildTransferFunctionScriptingTraits (0ms)
			SetupTypeCache (382ms)
			ReleaseScriptCaches (1ms)
			RebuildScriptCaches (72ms)
			SetupLoadedEditorAssemblies (622ms)
				LogAssemblyErrors (0ms)
				InitializePlatformSupportModulesInManaged (4ms)
				SetLoadedEditorAssemblies (0ms)
				RefreshPlugins (97ms)
				BeforeProcessingInitializeOnLoad (96ms)
				ProcessInitializeOnLoadAttributes (289ms)
				ProcessInitializeOnLoadMethodAttributes (128ms)
				AfterProcessingInitializeOnLoad (7ms)
				EditorAssembliesLoaded (0ms)
			ExecutionOrderSort2 (0ms)
			AwakeInstancesAfterBackupRestoration (6ms)
Platform modules already initialized, skipping
========================================================================
Worker process is ready to serve import requests
Launched and connected shader compiler UnityShaderCompiler.exe after 0.05 seconds
Refreshing native plugins compatible for Editor in 0.98 ms, found 2 plugins.
Preloading 0 native plugins for Editor in 0.00 ms.
Unloading 3972 Unused Serialized files (Serialized files now loaded: 0)
System memory in use before: 211.8 MB.
System memory in use after: 212.0 MB.

Unloading 19 unused Assets to reduce memory usage. Loaded Objects now: 4454.
Total: 4.413200 ms (FindLiveObjects: 0.458800 ms CreateObjectMapping: 0.301200 ms MarkObjects: 3.565400 ms  DeleteObjects: 0.086300 ms)

AssetImportParameters requested are different than current active one (requested -> active):
  custom:framework-win-MediaFoundation: 216162199b28c13a410421893ffa2e32 -> 
  custom:video-decoder-ogg-theora: a1e56fd34408186e4bbccfd4996cb3dc -> 
  custom:container-muxer-webm: aa71ff27fc2769a1b78a27578f13a17b -> 
  custom:container-demuxer-webm: 4f35f7cbe854078d1ac9338744f61a02 -> 
  custom:container-demuxer-ogg: 62fdf1f143b41e24485cea50d1cbac27 -> 
  custom:video-encoder-webm-vp8: eb34c28f22e8b96e1ab97ce403110664 -> 
  custom:video-decoder-webm-vp8: 9c59270c3fd7afecdb556c50c9e8de78 -> 
  custom:audio-decoder-ogg-vorbis: bf7c407c2cedff20999df2af8eb42d56 -> 
  custom:audio-encoder-webm-vorbis: bf7c407c2cedff20999df2af8eb42d56 -> 
========================================================================
Received Import Request.
  path: Assets/Env/Sun_Temple/Content/Textures/fol_bushflowers_A.tif
  artifactKey: Guid(478aa330c9c88684bb760096a9a0b198) Importer(815301076,1909f56bfc062723c751e8b465ee728b)
Start importing Assets/Env/Sun_Temple/Content/Textures/fol_bushflowers_A.tif using Guid(478aa330c9c88684bb760096a9a0b198) Importer(815301076,1909f56bfc062723c751e8b465ee728b)  -> (artifact id: '160611123459381aa04985dd45369706') in 0.067129 seconds 
  Import took 0.072699 seconds .

========================================================================
Received Import Request.
  Time since last request: 0.000986 seconds.
  path: Assets/Env/Sun_Temple/Content/Textures/fol_bushflowers_A.tif
  artifactKey: Guid(478aa330c9c88684bb760096a9a0b198) Importer(815301076,1909f56bfc062723c751e8b465ee728b)
Start importing Assets/Env/Sun_Temple/Content/Textures/fol_bushflowers_A.tif using Guid(478aa330c9c88684bb760096a9a0b198) Importer(815301076,1909f56bfc062723c751e8b465ee728b)  -> (artifact id: '160611123459381aa04985dd45369706') in 0.006842 seconds 
  Import took 0.011817 seconds .

========================================================================
Received Import Request.
  Time since last request: 569.411726 seconds.
  path: Assets/Env/Mini Nature Pack/Models/Tree 4.prefab
  artifactKey: Guid(b2f4adad2b43ef24b9dadde152b742b5) Importer(815301076,1909f56bfc062723c751e8b465ee728b)
Start importing Assets/Env/Mini Nature Pack/Models/Tree 4.prefab using Guid(b2f4adad2b43ef24b9dadde152b742b5) Importer(815301076,1909f56bfc062723c751e8b465ee728b) Launched and connected shader compiler UnityShaderCompiler.exe after 0.04 seconds
Launched and connected shader compiler UnityShaderCompiler.exe after 0.04 seconds
Launched and connected shader compiler UnityShaderCompiler.exe after 0.04 seconds
Launched and connected shader compiler UnityShaderCompiler.exe after 0.07 seconds
Launched and connected shader compiler UnityShaderCompiler.exe after 0.04 seconds
Launched and connected shader compiler UnityShaderCompiler.exe after 0.05 seconds
Launched and connected shader compiler UnityShaderCompiler.exe after 0.05 seconds
Launched and connected shader compiler UnityShaderCompiler.exe after 0.05 seconds
Launched and connected shader compiler UnityShaderCompiler.exe after 0.05 seconds
Launched and connected shader compiler UnityShaderCompiler.exe after 0.05 seconds
Launched and connected shader compiler UnityShaderCompiler.exe after 0.05 seconds
Launched and connected shader compiler UnityShaderCompiler.exe after 0.05 seconds
Launched and connected shader compiler UnityShaderCompiler.exe after 0.04 seconds
Launched and connected shader compiler UnityShaderCompiler.exe after 0.04 seconds
Launched and connected shader compiler UnityShaderCompiler.exe after 0.05 seconds
Launched and connected shader compiler UnityShaderCompiler.exe after 0.04 seconds
Launched and connected shader compiler UnityShaderCompiler.exe after 0.05 seconds
Launched and connected shader compiler UnityShaderCompiler.exe after 0.04 seconds
Launched and connected shader compiler UnityShaderCompiler.exe after 0.05 seconds
Launched and connected shader compiler UnityShaderCompiler.exe after 0.04 seconds
Launched and connected shader compiler UnityShaderCompiler.exe after 0.04 seconds
Launched and connected shader compiler UnityShaderCompiler.exe after 0.05 seconds
Launched and connected shader compiler UnityShaderCompiler.exe after 0.05 seconds
 -> (artifact id: '2625e3760c337f121c622b29f2435868') in 1.898192 seconds 
  Import took 1.905558 seconds .

========================================================================
Received Import Request.
  Time since last request: 0.000324 seconds.
  path: Assets/Env/Mini Nature Pack/Models/Tree 6.prefab
  artifactKey: Guid(16f4040965adc81439577095b45ecbe1) Importer(815301076,1909f56bfc062723c751e8b465ee728b)
Start importing Assets/Env/Mini Nature Pack/Models/Tree 6.prefab using Guid(16f4040965adc81439577095b45ecbe1) Importer(815301076,1909f56bfc062723c751e8b465ee728b)  -> (artifact id: '0d0e46e97ce7cb04a072e29d50a6fcb7') in 0.066295 seconds 
  Import took 0.072208 seconds .

========================================================================
Received Import Request.
  Time since last request: 64.186802 seconds.
  path: Assets/Env/Mini Nature Pack/Scenery Textures/Tree_Branch_4.psd
  artifactKey: Guid(16aab58eaec93a64da8d7f21ebb22dd0) Importer(815301076,1909f56bfc062723c751e8b465ee728b)
Start importing Assets/Env/Mini Nature Pack/Scenery Textures/Tree_Branch_4.psd using Guid(16aab58eaec93a64da8d7f21ebb22dd0) Importer(815301076,1909f56bfc062723c751e8b465ee728b)  -> (artifact id: '787eb7cf45d241c76adddd09753f0011') in 0.013970 seconds 
  Import took 0.019587 seconds .

========================================================================
Received Import Request.
  Time since last request: 0.000253 seconds.
  path: Assets/Env/Mini Nature Pack/Scenery Textures/Tree_Branch_4_NORM.tga
  artifactKey: Guid(50086504229d7404fbb5f53ab78effcd) Importer(815301076,1909f56bfc062723c751e8b465ee728b)
Start importing Assets/Env/Mini Nature Pack/Scenery Textures/Tree_Branch_4_NORM.tga using Guid(50086504229d7404fbb5f53ab78effcd) Importer(815301076,1909f56bfc062723c751e8b465ee728b)  -> (artifact id: '24f4086b6d1985e4804f8f9d7100c4c5') in 0.012673 seconds 
  Import took 0.017581 seconds .

========================================================================
Received Import Request.
  Time since last request: 0.000264 seconds.
  path: Assets/Env/Mini Nature Pack/Scenery Textures/Tree_Branch_4_SHADOW.psd
  artifactKey: Guid(2dfd552ff7ffdd04a96b1a377fff78b3) Importer(815301076,1909f56bfc062723c751e8b465ee728b)
Start importing Assets/Env/Mini Nature Pack/Scenery Textures/Tree_Branch_4_SHADOW.psd using Guid(2dfd552ff7ffdd04a96b1a377fff78b3) Importer(815301076,1909f56bfc062723c751e8b465ee728b)  -> (artifact id: 'dcb4412bdb98b56df9c0360987a34772') in 0.006606 seconds 
  Import took 0.012085 seconds .

========================================================================
Received Import Request.
  Time since last request: 0.000211 seconds.
  path: Assets/Env/Mini Nature Pack/Scenery Textures/Tree_Branch_4_SPEC.tga
  artifactKey: Guid(f09fb8fe6a0a47a4fa314ffe3eb2b8af) Importer(815301076,1909f56bfc062723c751e8b465ee728b)
Start importing Assets/Env/Mini Nature Pack/Scenery Textures/Tree_Branch_4_SPEC.tga using Guid(f09fb8fe6a0a47a4fa314ffe3eb2b8af) Importer(815301076,1909f56bfc062723c751e8b465ee728b)  -> (artifact id: '0487302d2eccdc83d473fd2e8bb45fba') in 0.006234 seconds 
  Import took 0.011434 seconds .

========================================================================
Received Import Request.
  Time since last request: 70.895395 seconds.
  path: Assets/Env/Mini Nature Pack/Scenery Textures/Tree_Branch_6.psd
  artifactKey: Guid(6eb3e2eeb6f49cf439e4eb8c6e633080) Importer(815301076,1909f56bfc062723c751e8b465ee728b)
Start importing Assets/Env/Mini Nature Pack/Scenery Textures/Tree_Branch_6.psd using Guid(6eb3e2eeb6f49cf439e4eb8c6e633080) Importer(815301076,1909f56bfc062723c751e8b465ee728b)  -> (artifact id: '8ba436506e16d4286b2deca0e4139f3e') in 0.006880 seconds 
  Import took 0.012497 seconds .

========================================================================
Received Import Request.
  Time since last request: 0.000265 seconds.
  path: Assets/Env/Mini Nature Pack/Scenery Textures/Tree_Branch_6_SPEC.tga
  artifactKey: Guid(340185cbb2c86e648b35f9eb3cd85fbb) Importer(815301076,1909f56bfc062723c751e8b465ee728b)
Start importing Assets/Env/Mini Nature Pack/Scenery Textures/Tree_Branch_6_SPEC.tga using Guid(340185cbb2c86e648b35f9eb3cd85fbb) Importer(815301076,1909f56bfc062723c751e8b465ee728b)  -> (artifact id: '9d9a3fa46fe335aee0c9dbe06dfbfd68') in 0.006811 seconds 
  Import took 0.012384 seconds .

========================================================================
Received Import Request.
  Time since last request: 0.000232 seconds.
  path: Assets/Env/Mini Nature Pack/Scenery Textures/Tree_Branch_6_SHADOW.psd
  artifactKey: Guid(97d02da305e79664c9bf61fbca4d7287) Importer(815301076,1909f56bfc062723c751e8b465ee728b)
Start importing Assets/Env/Mini Nature Pack/Scenery Textures/Tree_Branch_6_SHADOW.psd using Guid(97d02da305e79664c9bf61fbca4d7287) Importer(815301076,1909f56bfc062723c751e8b465ee728b)  -> (artifact id: 'ea0e9c238ad0f8f0470fcbf349d0c5f0') in 0.006748 seconds 
  Import took 0.012376 seconds .

========================================================================
Received Import Request.
  Time since last request: 0.000275 seconds.
  path: Assets/Env/Mini Nature Pack/Scenery Textures/Tree_Branch_6_NORM.tga
  artifactKey: Guid(d151689ffa4c7ef4784b110f2c082b06) Importer(815301076,1909f56bfc062723c751e8b465ee728b)
Start importing Assets/Env/Mini Nature Pack/Scenery Textures/Tree_Branch_6_NORM.tga using Guid(d151689ffa4c7ef4784b110f2c082b06) Importer(815301076,1909f56bfc062723c751e8b465ee728b)  -> (artifact id: 'ece4fba882255e763a4e3aeb2bd8ec2b') in 0.007371 seconds 
  Import took 0.013194 seconds .

AssetImportWorkerClient::OnTransportError - code=2 error=End of file
